GET /api/v1/ HTTP/1.1
Host: normandy.cdn.mozilla.net
User-Agent: Mozilla/5.0 (X11; Ubuntu; Linux x86_64; rv:87.0) Gecko/20100101 Firefox/87.0
Accept: application/json
Accept-Language: en-US,en;q=0.5
Accept-Encoding: gzip, deflate, br
Connection: keep-alive

HTTP/1.1 200 OK
Content-Type: application/json
Content-Length: 598
Connection: keep-alive
Server: nginx
Date: Tue, 19 Apr 2022 09:29:17 GMT
Cache-Control: public, max-age=30
Allow: GET, HEAD, OPTIONS
Content-Security-Policy: object-src 'none'; worker-src 'none'; block-all-mixed-content; frame-src 'none'; base-uri 'none'; default-src 'self' https://normandy.cdn.mozilla.net/; form-action 'self'; report-uri /__cspreport__
X-Frame-Options: DENY
X-Content-Type-Options: nosniff
X-XSS-Protection: 1; mode=block
Strict-Transport-Security: max-age=31536000
Via: 1.1 google, 1.1 bf55ab4e832a14d0c424ed67e79df49e.cloudfront.net (CloudFront)
Vary: Accept,Origin
X-Cache: Hit from cloudfront
X-Amz-Cf-Pop: TPE52-C1
X-Amz-Cf-Id: pAYkBWRBP0Cjj3evkZhOBewmP891O4dVL4u-yBkKf84-mUg-xFHXHQ==
Age: 18

{"action-list":"https://normandy.cdn.mozilla.net/api/v1/action/","action-signed":"https://normandy.cdn.mozilla.net/api/v1/action/signed/","approvalrequest-list":"https://normandy.cdn.mozilla.net/api/v1/approval_request/","classify-client":"https://classify-client.services.mozilla.com/api/v1/classify_client/","extension-list":"https://normandy.cdn.mozilla.net/api/v1/extension/","recipe-list":"https://normandy.cdn.mozilla.net/api/v1/recipe/","recipe-signed":"https://normandy.cdn.mozilla.net/api/v1/recipe/signed/","reciperevision-list":"https://normandy.cdn.mozilla.net/api/v1/recipe_revision/"}