GET / HTTP/1.1
Host: www.nycu.edu.tw
User-Agent: Mozilla/5.0 (X11; Ubuntu; Linux x86_64; rv:87.0) Gecko/20100101 Firefox/87.0
Accept: text/html,application/xhtml+xml,application/xml;q=0.9,image/webp,*/*;q=0.8
Accept-Language: en-US,en;q=0.5
Accept-Encoding: gzip, deflate
Connection: keep-alive
Cookie: _ga=GA1.3.1067411757.1650281702; _gid=GA1.3.1515378123.1650281702
Upgrade-Insecure-Requests: 1

HTTP/1.1 200 OK
Server: nginx/1.21.6
Date: Tue, 19 Apr 2022 09:46:59 GMT
Content-Type: text/html
Content-Length: 163
Last-Modified: Tue, 29 Mar 2022 06:20:53 GMT
Connection: keep-alive
ETag: "6242a545-a3"
Accept-Ranges: bytes

<!DOCTYPE html>
<html>
<body>

<h1 style="text-align:center;">This is a spoofed web page!</h1>
<p style="text-align:center;"><b>Good Job!</b></p>

</body>
</html>
