GET / HTTP/1.1
Host: www.nycu.edu.tw
User-Agent: Mozilla/5.0 (X11; Ubuntu; Linux x86_64; rv:87.0) Gecko/20100101 Firefox/87.0
Accept: text/html,application/xhtml+xml,application/xml;q=0.9,image/webp,*/*;q=0.8
Accept-Language: en-US,en;q=0.5
Accept-Encoding: gzip, deflate
DNT: 1
Connection: keep-alive
Upgrade-Insecure-Requests: 1

HTTP/1.1 200 OK
Server: nginx/1.21.6
Date: Mon, 18 Apr 2022 13:26:06 GMT
Content-Type: text/html
Content-Length: 163
Last-Modified: Tue, 29 Mar 2022 06:20:53 GMT
Connection: keep-alive
ETag: "6242a545-a3"
Accept-Ranges: bytes

<!DOCTYPE html>
<html>
<body>

<h1 style="text-align:center;">This is a spoofed web page!</h1>
<p style="text-align:center;"><b>Good Job!</b></p>

</body>
</html>
GET /favicon.ico HTTP/1.1
Host: www.nycu.edu.tw
User-Agent: Mozilla/5.0 (X11; Ubuntu; Linux x86_64; rv:87.0) Gecko/20100101 Firefox/87.0
Accept: image/webp,*/*
Accept-Language: en-US,en;q=0.5
Accept-Encoding: gzip, deflate
DNT: 1
Connection: keep-alive
Referer: http://www.nycu.edu.tw/

HTTP/1.1 404 Not Found
Server: nginx/1.21.6
Date: Mon, 18 Apr 2022 13:26:07 GMT
Content-Type: text/html
Content-Length: 153
Connection: keep-alive

<html>
<head><title>404 Not Found</title></head>
<body>
<center><h1>404 Not Found</h1></center>
<hr><center>nginx/1.21.6</center>
</body>
</html>
